1581305821549	mozrunner::runner	INFO	Running command: "D:\\火狐\\firefox.exe" "-marionette" "-foreground" "-no-remote" "-profile" "C:\\Users\\10338\\AppData\\Local\\Temp\\rust_mozprofileBqrwFB"
1581305856013	mozrunner::runner	INFO	Running command: "D:\\火狐\\firefox.exe" "-marionette" "-foreground" "-no-remote" "-profile" "C:\\Users\\10338\\AppData\\Local\\Temp\\rust_mozprofileGa7hsj"
1581305856683	addons.webextension.doh-rollout@mozilla.org	WARN	Loading extension 'doh-rollout@mozilla.org': Reading manifest: Invalid extension permission: networkStatus
1581305856791	addons.webextension.screenshots@mozilla.org	WARN	Loading extension 'screenshots@mozilla.org': Reading manifest: Invalid extension permission: mozillaAddons
1581305856806	addons.webextension.screenshots@mozilla.org	WARN	Loading extension 'screenshots@mozilla.org': Reading manifest: Invalid extension permission: telemetry
1581305856806	addons.webextension.screenshots@mozilla.org	WARN	Loading extension 'screenshots@mozilla.org': Reading manifest: Invalid extension permission: resource://pdf.js/
1581305856806	addons.webextension.screenshots@mozilla.org	WARN	Loading extension 'screenshots@mozilla.org': Reading manifest: Invalid extension permission: about:reader*
JavaScript error: resource://gre/modules/XULStore.jsm, line 66: Error: Can't find profile directory.
1581305860528	Marionette	INFO	Listening on port 35571
1581305860755	Marionette	WARN	TLS certificate errors will be ignored for this session
WebGL(219DC000)::ForceLoseContext
WebGL(219DD400)::ForceLoseContext
JavaScript warning: https://g.alicdn.com/kissy/k/1.4.2/??node-min.js,anim-min.js,anim/base-min.js,anim/timer-min.js,anim/transition-min.js,overlay-min.js,component/container-min.js,component/control-min.js,component/manager-min.js,xtemplate/runtime-min.js,component/extension/shim-min.js,component/extension/align-min.js,component/extension/content-xtpl-min.js,component/extension/content-render-min.js,xtemplate-min.js,xtemplate/compiler-min.js?t=1.js, line 24: Using //@ to indicate sourceURL pragmas is deprecated. Use //# instead
JavaScript warning: https://g.alicdn.com/kissy/k/1.4.2/??node-min.js,anim-min.js,anim/base-min.js,anim/timer-min.js,anim/transition-min.js,overlay-min.js,component/container-min.js,component/control-min.js,component/manager-min.js,xtemplate/runtime-min.js,component/extension/shim-min.js,component/extension/align-min.js,component/extension/content-xtpl-min.js,component/extension/content-render-min.js,xtemplate-min.js,xtemplate/compiler-min.js?t=1.js, line 9: Using //@ to indicate sourceURL pragmas is deprecated. Use //# instead
JavaScript warning: https://g.alicdn.com/kissy/k/1.4.2/??node-min.js,anim-min.js,anim/base-min.js,anim/timer-min.js,anim/transition-min.js,overlay-min.js,component/container-min.js,component/control-min.js,component/manager-min.js,xtemplate/runtime-min.js,component/extension/shim-min.js,component/extension/align-min.js,component/extension/content-xtpl-min.js,component/extension/content-render-min.js,xtemplate-min.js,xtemplate/compiler-min.js?t=1.js, line 218: Using //@ to indicate sourceURL pragmas is deprecated. Use //# instead
JavaScript warning: https://g.alicdn.com/kissy/k/1.4.2/??node-min.js,anim-min.js,anim/base-min.js,anim/timer-min.js,anim/transition-min.js,overlay-min.js,component/container-min.js,component/control-min.js,component/manager-min.js,xtemplate/runtime-min.js,component/extension/shim-min.js,component/extension/align-min.js,component/extension/content-xtpl-min.js,component/extension/content-render-min.js,xtemplate-min.js,xtemplate/compiler-min.js?t=1.js, line 148: Using //@ to indicate sourceURL pragmas is deprecated. Use //# instead
JavaScript warning: https://g.alicdn.com/kissy/k/1.4.2/??node-min.js,anim-min.js,anim/base-min.js,anim/timer-min.js,anim/transition-min.js,overlay-min.js,component/container-min.js,component/control-min.js,component/manager-min.js,xtemplate/runtime-min.js,component/extension/shim-min.js,component/extension/align-min.js,component/extension/content-xtpl-min.js,component/extension/content-render-min.js,xtemplate-min.js,xtemplate/compiler-min.js?t=1.js, line 38: Using //@ to indicate sourceURL pragmas is deprecated. Use //# instead
JavaScript warning: https://g.alicdn.com/kissy/k/1.4.2/??node-min.js,anim-min.js,anim/base-min.js,anim/timer-min.js,anim/transition-min.js,overlay-min.js,component/container-min.js,component/control-min.js,component/manager-min.js,xtemplate/runtime-min.js,component/extension/shim-min.js,component/extension/align-min.js,component/extension/content-xtpl-min.js,component/extension/content-render-min.js,xtemplate-min.js,xtemplate/compiler-min.js?t=1.js, line 100: Using //@ to indicate sourceURL pragmas is deprecated. Use //# instead
JavaScript warning: https://g.alicdn.com/kissy/k/1.4.2/??node-min.js,anim-min.js,anim/base-min.js,anim/timer-min.js,anim/transition-min.js,overlay-min.js,component/container-min.js,component/control-min.js,component/manager-min.js,xtemplate/runtime-min.js,component/extension/shim-min.js,component/extension/align-min.js,component/extension/content-xtpl-min.js,component/extension/content-render-min.js,xtemplate-min.js,xtemplate/compiler-min.js?t=1.js, line 21: Using //@ to indicate sourceURL pragmas is deprecated. Use //# instead
WebGL(24C63400)::ForceLoseContext
WebGL(24C6C800)::ForceLoseContext
WebGL(24C6F000)::ForceLoseContext
WebGL(24CC8400)::ForceLoseContext
WebGL(0CB9B800)::ForceLoseContext
WebGL(1D7A4800)::ForceLoseContext
WebGL(1D7A2C00)::ForceLoseContext
WebGL(24CCAC00)::ForceLoseContext
JavaScript error: https://g.alicdn.com/shop/wangpu/1.7.5/??decoration/init-min.js,decoration/compatible-min.js,decoration/countdown-min.js,decoration/isv-min.js,decoration/shopmonitor-min.js,decoration/shopisv-min.js?t=20140409.js, line 2: TypeError: window.goldlog.emit is not a function
JavaScript warning: https://g.alicdn.com/kissy/k/1.4.2/??node-min.js,anim-min.js,anim/base-min.js,anim/timer-min.js,anim/transition-min.js,base-min.js,attribute-min.js,overlay-min.js,component/container-min.js,component/control-min.js,component/manager-min.js,xtemplate/runtime-min.js,component/extension/shim-min.js,component/extension/align-min.js,component/extension/content-xtpl-min.js,component/extension/content-render-min.js,xtemplate-min.js,xtemplate/compiler-min.js?t=1.js, line 24: Using //@ to indicate sourceURL pragmas is deprecated. Use //# instead
JavaScript warning: https://g.alicdn.com/kissy/k/1.4.2/??node-min.js,anim-min.js,anim/base-min.js,anim/timer-min.js,anim/transition-min.js,base-min.js,attribute-min.js,overlay-min.js,component/container-min.js,component/control-min.js,component/manager-min.js,xtemplate/runtime-min.js,component/extension/shim-min.js,component/extension/align-min.js,component/extension/content-xtpl-min.js,component/extension/content-render-min.js,xtemplate-min.js,xtemplate/compiler-min.js?t=1.js, line 9: Using //@ to indicate sourceURL pragmas is deprecated. Use //# instead
JavaScript warning: https://g.alicdn.com/kissy/k/1.4.2/??node-min.js,anim-min.js,anim/base-min.js,anim/timer-min.js,anim/transition-min.js,base-min.js,attribute-min.js,overlay-min.js,component/container-min.js,component/control-min.js,component/manager-min.js,xtemplate/runtime-min.js,component/extension/shim-min.js,component/extension/align-min.js,component/extension/content-xtpl-min.js,component/extension/content-render-min.js,xtemplate-min.js,xtemplate/compiler-min.js?t=1.js, line 218: Using //@ to indicate sourceURL pragmas is deprecated. Use //# instead
JavaScript warning: https://g.alicdn.com/kissy/k/1.4.2/??node-min.js,anim-min.js,anim/base-min.js,anim/timer-min.js,anim/transition-min.js,base-min.js,attribute-min.js,overlay-min.js,component/container-min.js,component/control-min.js,component/manager-min.js,xtemplate/runtime-min.js,component/extension/shim-min.js,component/extension/align-min.js,component/extension/content-xtpl-min.js,component/extension/content-render-min.js,xtemplate-min.js,xtemplate/compiler-min.js?t=1.js, line 148: Using //@ to indicate sourceURL pragmas is deprecated. Use //# instead
JavaScript warning: https://g.alicdn.com/kissy/k/1.4.2/??node-min.js,anim-min.js,anim/base-min.js,anim/timer-min.js,anim/transition-min.js,base-min.js,attribute-min.js,overlay-min.js,component/container-min.js,component/control-min.js,component/manager-min.js,xtemplate/runtime-min.js,component/extension/shim-min.js,component/extension/align-min.js,component/extension/content-xtpl-min.js,component/extension/content-render-min.js,xtemplate-min.js,xtemplate/compiler-min.js?t=1.js, line 38: Using //@ to indicate sourceURL pragmas is deprecated. Use //# instead
JavaScript warning: https://g.alicdn.com/kissy/k/1.4.2/??node-min.js,anim-min.js,anim/base-min.js,anim/timer-min.js,anim/transition-min.js,base-min.js,attribute-min.js,overlay-min.js,component/container-min.js,component/control-min.js,component/manager-min.js,xtemplate/runtime-min.js,component/extension/shim-min.js,component/extension/align-min.js,component/extension/content-xtpl-min.js,component/extension/content-render-min.js,xtemplate-min.js,xtemplate/compiler-min.js?t=1.js, line 100: Using //@ to indicate sourceURL pragmas is deprecated. Use //# instead
JavaScript warning: https://g.alicdn.com/kissy/k/1.4.2/??node-min.js,anim-min.js,anim/base-min.js,anim/timer-min.js,anim/transition-min.js,base-min.js,attribute-min.js,overlay-min.js,component/container-min.js,component/control-min.js,component/manager-min.js,xtemplate/runtime-min.js,component/extension/shim-min.js,component/extension/align-min.js,component/extension/content-xtpl-min.js,component/extension/content-render-min.js,xtemplate-min.js,xtemplate/compiler-min.js?t=1.js, line 21: Using //@ to indicate sourceURL pragmas is deprecated. Use //# instead
WebGL(2AC9A000)::ForceLoseContext
WebGL(2AC9C800)::ForceLoseContext
1581305888467	Marionette	INFO	Stopped listening on port 35571

###!!! [Child][RunMessage] Error: Channel closing: too late to send/recv, messages will be lost


###!!! [Child][MessageChannel::SendAndWait] Error: Channel error: cannot send/recv

